<?xml version="1.0" encoding="UTF-8"?>
<!-- Generated by org.testng.reporters.JUnitReportReporter -->
<testsuite hostname="DESKTOP-6RUKDOR" failures="0" tests="1" name="TDD.NewTest" time="0.032" errors="0" timestamp="2023-05-06T16:31:10 IST" skipped="0">
  <testcase classname="TDD.NewTest" name="f" time="0.032"/>
  <system-out/>
</testsuite> <!-- TDD.NewTest -->
